
> autopropelidos@0.1.0 dev
> next dev

 ⚠ You are using a non-standard "NODE_ENV" value in your environment. This creates inconsistencies in the project and is strongly advised against. Read more: https://nextjs.org/docs/messages/non-standard-node-env
   ▲ Next.js 15.2.4
   - Local:        http://localhost:3000
   - Network:      http://10.255.255.254:3000
   - Environments: .env.local, .env

 ✓ Starting...
 ✓ Ready in 11.3s
 ○ Compiling /test-isolated ...
 ⨯ ./app/globals.css
Module parse failed: Unexpected token (3:0)
| /* Minimal CSS for debugging - no Tailwind */
| 
> * {
|   box-sizing: border-box;
|   margin: 0;

Import trace for requested module:
./app/globals.css
./app/layout.tsx
 ⨯ ./app/globals.css
Module parse failed: Unexpected token (3:0)
| /* Minimal CSS for debugging - no Tailwind */
| 
> * {
|   box-sizing: border-box;
|   margin: 0;

Import trace for requested module:
./app/globals.css
./app/layout.tsx
 ⨯ ./app/globals.css
Module parse failed: Unexpected token (3:0)
| /* Minimal CSS for debugging - no Tailwind */
| 
> * {
|   box-sizing: border-box;
|   margin: 0;

Import trace for requested module:
./app/globals.css
./app/layout.tsx
 GET /test-isolated 500 in 20047ms
 GET /test-isolated 500 in 61ms
 ⚠ Found a change in next.config.mjs. Restarting the server to apply the changes...
   ▲ Next.js 15.2.4
   - Local:        http://localhost:3000
   - Network:      http://10.255.255.254:3000
   - Environments: .env.local, .env

 ✓ Starting...
 ✓ Ready in 13.4s
 ○ Compiling /middleware ...
 ✓ Compiled /middleware in 720ms (103 modules)
 ⨯ EvalError: Code generation from strings disallowed for this context
    at <unknown> (.next/server/middleware.js:29)
    at (middleware)/./node_modules/.pnpm/next@15.2.4_react-dom@19.1.0_react@19.1.0__react@19.1.0/node_modules/next/dist/build/webpack/loaders/next-middleware-loader.js?absolutePagePath=%2Fmnt%2Fc%2FUsers%2FBeto%2FDesktop%2Fdev%2Fautopropelidos.com.br%2Fautopropelidos.com.br%2Fmiddleware.ts&page=%2Fmiddleware&rootDir=%2Fmnt%2Fc%2FUsers%2FBeto%2FDesktop%2Fdev%2Fautopropelidos.com.br%2Fautopropelidos.com.br&matchers=&preferredRegion=&middlewareConfig=e30%3D! (.next/server/middleware.js:29:1)
    at __webpack_require__ (.next/server/edge-runtime-webpack.js:37:33)
    at __webpack_exec__ (.next/server/middleware.js:988:48)
    at <unknown> (.next/server/middleware.js:989:37)
    at webpackJsonpCallback (.next/server/edge-runtime-webpack.js:1128:39)
    at <unknown> (.next/server/middleware.js:9:61)
 ○ Compiling /_error ...
 ✓ Compiled /_error in 805ms (358 modules)
 ✓ Compiled in 36ms
 ○ Compiling /_not-found ...
 ✓ Compiled /_not-found in 2.2s (1267 modules)
 HEAD /api/static/placeholder.jpg 404 in 3266ms
 ⚠ Found a change in next.config.mjs. Restarting the server to apply the changes...
   ▲ Next.js 15.2.4
   - Local:        http://localhost:3000
   - Network:      http://10.255.255.254:3000
   - Environments: .env.local, .env

 ✓ Starting...
 ✓ Ready in 16.9s
